# JRE version: OpenJDK Runtime Environment (8.0_144-b01) (build 1.8.0_144-8u144-b01-2-b01)
# Java VM: OpenJDK 64-Bit Server VM (25.144-b01 mixed mode linux-amd64 compressed oops)
Heap:
 garbage-first heap   total 643072K, used 103328K [0x00000000c0000000, 0x00000000c01013a0, 0x0000000100000000)
  region size 1024K, 32 young (32768K), 32 survivors (32768K)
 Metaspace       used 40946K, capacity 43000K, committed 43212K, reserved 1087488K
  class space    used 4286K, capacity 4990K, committed 5068K, reserved 1048576K
GC Heap History (10 events):
Event: 36.822 GC heap after
Heap after GC invocations=28 (full 0):
 garbage-first heap   total 63488K, used 39160K [0x00000000c0000000, 0x00000000c01001f0, 0x0000000100000000)
  region size 1024K, 1 young (1024K), 1 survivors (1024K)
 Metaspace       used 40910K, capacity 43000K, committed 43212K, reserved 1087488K
  class space    used 4285K, capacity 4990K, committed 5068K, reserved 1048576K
}
Event: 36.863 GC heap before
{Heap before GC invocations=28 (full 0):
 garbage-first heap   total 63488K, used 53496K [0x00000000c0000000, 0x00000000c01001f0, 0x0000000100000000)
  region size 1024K, 15 young (15360K), 1 survivors (1024K)
 Metaspace       used 40910K, capacity 43000K, committed 43212K, reserved 1087488K
  class space    used 4285K, capacity 4990K, committed 5068K, reserved 1048576K
Event: 36.878 GC heap after
Heap after GC invocations=29 (full 0):
 garbage-first heap   total 126976K, used 40400K [0x00000000c0000000, 0x00000000c01003e0, 0x0000000100000000)
  region size 1024K, 2 young (2048K), 2 survivors (2048K)
 Metaspace       used 40910K, capacity 43000K, committed 43212K, reserved 1087488K
  class space    used 4285K, capacity 4990K, committed 5068K, reserved 1048576K
}
Event: 37.136 GC heap before
{Heap before GC invocations=29 (full 0):
 garbage-first heap   total 126976K, used 105776K [0x00000000c0000000, 0x00000000c01003e0, 0x0000000100000000)
  region size 1024K, 65 young (66560K), 2 survivors (2048K)
 Metaspace       used 40910K, capacity 43000K, committed 43212K, reserved 1087488K
  class space    used 4285K, capacity 4990K, committed 5068K, reserved 1048576K
Event: 37.169 GC heap after
Heap after GC invocations=30 (full 0):
 garbage-first heap   total 253952K, used 49141K [0x00000000c0000000, 0x00000000c01007c0, 0x0000000100000000)
  region size 1024K, 9 young (9216K), 9 survivors (9216K)
 Metaspace       used 40910K, capacity 43000K, committed 43212K, reserved 1087488K
  class space    used 4285K, capacity 4990K, committed 5068K, reserved 1048576K
}
Event: 38.575 GC heap before
{Heap before GC invocations=30 (full 0):
 garbage-first heap   total 253952K, used 193205K [0x00000000c0000000, 0x00000000c01007c0, 0x0000000100000000)
  region size 1024K, 148 young (151552K), 9 survivors (9216K)
 Metaspace       used 40932K, capacity 43000K, committed 43212K, reserved 1087488K
  class space    used 4286K, capacity 4990K, committed 5068K, reserved 1048576K
Event: 38.695 GC heap after
Heap after GC invocations=31 (full 0):
 garbage-first heap   total 413696K, used 66762K [0x00000000c0000000, 0x00000000c0100ca0, 0x0000000100000000)
  region size 1024K, 19 young (19456K), 19 survivors (19456K)
 Metaspace       used 40932K, capacity 43000K, committed 43212K, reserved 1087488K
  class space    used 4286K, capacity 4990K, committed 5068K, reserved 1048576K
}
Event: 38.927 GC heap before
{Heap before GC invocations=31 (full 0):
 garbage-first heap   total 413696K, used 70858K [0x00000000c0000000, 0x00000000c0100ca0, 0x0000000100000000)
  region size 1024K, 23 young (23552K), 19 survivors (19456K)
 Metaspace       used 40932K, capacity 43000K, committed 43212K, reserved 1087488K
  class space    used 4286K, capacity 4990K, committed 5068K, reserved 1048576K
Event: 38.978 GC heap after
Heap after GC invocations=32 (full 0):
 garbage-first heap   total 540672K, used 69152K [0x00000000c0000000, 0x00000000c0101080, 0x0000000100000000)
  region size 1024K, 2 young (2048K), 2 survivors (2048K)
 Metaspace       used 40932K, capacity 43000K, committed 43212K, reserved 1087488K
  class space    used 4286K, capacity 4990K, committed 5068K, reserved 1048576K
}
Event: 72.294 GC heap before
{Heap before GC invocations=32 (full 0):
 garbage-first heap   total 540672K, used 362400K [0x00000000c0000000, 0x00000000c0101080, 0x0000000100000000)
  region size 1024K, 285 young (291840K), 2 survivors (2048K)
 Metaspace       used 40946K, capacity 43000K, committed 43212K, reserved 1087488K
  class space    used 4286K, capacity 4990K, committed 5068K, reserved 1048576K

